c:\cocos2d\cocos2d-x-3.17.2\build\debug.win32\air-hockey\air-hockey.lib
c:\cocos2d\cocos2d-x-3.17.2\build\debug.win32\air-hockey\air-hockey.exp
c:\cocos2d\cocos2d-x-3.17.2\tests\air_hockey\proj.win32\debug.win32\vc142.pdb
c:\cocos2d\cocos2d-x-3.17.2\tests\air_hockey\proj.win32\debug.win32\vc142.idb
c:\cocos2d\cocos2d-x-3.17.2\tests\air_hockey\proj.win32\debug.win32\appdelegate.obj
c:\cocos2d\cocos2d-x-3.17.2\tests\air_hockey\proj.win32\debug.win32\collisionhandler.obj
c:\cocos2d\cocos2d-x-3.17.2\tests\air_hockey\proj.win32\debug.win32\domain.obj
c:\cocos2d\cocos2d-x-3.17.2\tests\air_hockey\proj.win32\debug.win32\gamecomponent.obj
c:\cocos2d\cocos2d-x-3.17.2\tests\air_hockey\proj.win32\debug.win32\gamemanager.obj
c:\cocos2d\cocos2d-x-3.17.2\tests\air_hockey\proj.win32\debug.win32\gamesprite.obj
c:\cocos2d\cocos2d-x-3.17.2\tests\air_hockey\proj.win32\debug.win32\graphicsscene.obj
c:\cocos2d\cocos2d-x-3.17.2\tests\air_hockey\proj.win32\debug.win32\movehandler.obj
c:\cocos2d\cocos2d-x-3.17.2\tests\air_hockey\proj.win32\debug.win32\main.obj
c:\cocos2d\cocos2d-x-3.17.2\tests\air_hockey\proj.win32\debug.win32\vc141.pdb
c:\cocos2d\cocos2d-x-3.17.2\tests\air_hockey\proj.win32\debug.win32\vc141.idb
c:\cocos2d\cocos2d-x-3.17.2\tests\air_hockey\proj.win32\debug.win32\air-hockey.ilk
c:\cocos2d\cocos2d-x-3.17.2\build\debug.win32\air-hockey\air-hockey.exe
c:\cocos2d\cocos2d-x-3.17.2\build\debug.win32\air-hockey\air-hockey.pdb
c:\cocos2d\cocos2d-x-3.17.2\build\debug.win32\air-hockey\air-hockey.ilk
c:\cocos2d\cocos2d-x-3.17.2\tests\air_hockey\proj.win32\debug.win32\air-hockey.tlog\air-hockey.write.1u.tlog
c:\cocos2d\cocos2d-x-3.17.2\tests\air_hockey\proj.win32\debug.win32\air-hockey.tlog\cl.command.1.tlog
c:\cocos2d\cocos2d-x-3.17.2\tests\air_hockey\proj.win32\debug.win32\air-hockey.tlog\cl.read.1.tlog
c:\cocos2d\cocos2d-x-3.17.2\tests\air_hockey\proj.win32\debug.win32\air-hockey.tlog\cl.write.1.tlog
c:\cocos2d\cocos2d-x-3.17.2\tests\air_hockey\proj.win32\debug.win32\air-hockey.tlog\link.command.1.tlog
c:\cocos2d\cocos2d-x-3.17.2\tests\air_hockey\proj.win32\debug.win32\air-hockey.tlog\link.delete.1.tlog
c:\cocos2d\cocos2d-x-3.17.2\tests\air_hockey\proj.win32\debug.win32\air-hockey.tlog\link.read.1.tlog
c:\cocos2d\cocos2d-x-3.17.2\tests\air_hockey\proj.win32\debug.win32\air-hockey.tlog\link.write.1.tlog
